[2022-08-09 10:33:02] production.ERROR: escapeshellarg() has been disabled for security reasons {"exception":"[object] (ErrorException(code: 0): escapeshellarg() has been disabled for security reasons at /home/htmlbask/public_html/dashboard/application/vendor/swiftmailer/swiftmailer/lib/classes/Swift/Transport/SendmailTransport.php:114)
[stacktrace]
#0 [internal function]: Illuminate\\Foundation\\Bootstrap\\HandleExceptions->handleError(2, 'escapeshellarg(...', '/home/htmlbask/...', 114, Array)
#1 /home/htmlbask/public_html/dashboard/application/vendor/swiftmailer/swiftmailer/lib/classes/Swift/Transport/SendmailTransport.php(114): escapeshellarg('info@example.co...')
#2 /home/htmlbask/public_html/dashboard/application/vendor/swiftmailer/swiftmailer/lib/classes/Swift/Mailer.php(71): Swift_Transport_SendmailTransport->send(Object(Swift_Message), Array)
#3 /home/htmlbask/public_html/dashboard/application/vendor/laravel/framework/src/Illuminate/Mail/Mailer.php(521): Swift_Mailer->send(Object(Swift_Message), Array)
#4 /home/htmlbask/public_html/dashboard/application/vendor/laravel/framework/src/Illuminate/Mail/Mailer.php(288): Illuminate\\Mail\\Mailer->sendSwiftMessage(Object(Swift_Message))
#5 /home/htmlbask/public_html/dashboard/application/vendor/laravel/framework/src/Illuminate/Mail/Mailable.php(187): Illuminate\\Mail\\Mailer->send('pages.emails.te...', Array, Object(Closure))
#6 /home/htmlbask/public_html/dashboard/application/vendor/laravel/framework/src/Illuminate/Support/Traits/Localizable.php(19): Illuminate\\Mail\\Mailable->Illuminate\\Mail\\{closure}()
#7 /home/htmlbask/public_html/dashboard/application/vendor/laravel/framework/src/Illuminate/Mail/Mailable.php(188): Illuminate\\Mail\\Mailable->withLocale(NULL, Object(Closure))
#8 /home/htmlbask/public_html/dashboard/application/vendor/laravel/framework/src/Illuminate/Mail/Mailer.php(304): Illuminate\\Mail\\Mailable->send(Object(Illuminate\\Mail\\Mailer))
#9 /home/htmlbask/public_html/dashboard/application/vendor/laravel/framework/src/Illuminate/Mail/Mailer.php(258): Illuminate\\Mail\\Mailer->sendMailable(Object(App\\Mail\\SendQueued))
#10 /home/htmlbask/public_html/dashboard/application/vendor/laravel/framework/src/Illuminate/Mail/PendingMail.php(124): Illuminate\\Mail\\Mailer->send(Object(App\\Mail\\SendQueued))
#11 /home/htmlbask/public_html/dashboard/application/app/Cronjobs/EmailCron.php(54): Illuminate\\Mail\\PendingMail->send(Object(App\\Mail\\SendQueued))
#12 /home/htmlbask/public_html/dashboard/application/vendor/laravel/framework/src/Illuminate/Container/BoundMethod.php(36): App\\Cronjobs\\EmailCron->__invoke()
#13 /home/htmlbask/public_html/dashboard/application/vendor/laravel/framework/src/Illuminate/Container/Util.php(40): Illuminate\\Container\\BoundMethod::Illuminate\\Container\\{closure}()
#14 /home/htmlbask/public_html/dashboard/application/vendor/laravel/framework/src/Illuminate/Container/BoundMethod.php(93): Illuminate\\Container\\Util::unwrapIfClosure(Object(Closure))
#15 /home/htmlbask/public_html/dashboard/application/vendor/laravel/framework/src/Illuminate/Container/BoundMethod.php(37): Illuminate\\Container\\BoundMethod::callBoundMethod(Object(Illuminate\\Foundation\\Application), Array, Object(Closure))
#16 /home/htmlbask/public_html/dashboard/application/vendor/laravel/framework/src/Illuminate/Container/Container.php(653): Illuminate\\Container\\BoundMethod::call(Object(Illuminate\\Foundation\\Application), Array, Array, NULL)
#17 /home/htmlbask/public_html/dashboard/application/vendor/laravel/framework/src/Illuminate/Console/Scheduling/CallbackEvent.php(79): Illuminate\\Container\\Container->call(Array, Array)
#18 /home/htmlbask/public_html/dashboard/application/vendor/laravel/framework/src/Illuminate/Console/Scheduling/ScheduleRunCommand.php(143): Illuminate\\Console\\Scheduling\\CallbackEvent->run(Object(Illuminate\\Foundation\\Application))
#19 /home/htmlbask/public_html/dashboard/application/vendor/laravel/framework/src/Illuminate/Console/Scheduling/ScheduleRunCommand.php(102): Illuminate\\Console\\Scheduling\\ScheduleRunCommand->runEvent(Object(Illuminate\\Console\\Scheduling\\CallbackEvent))
#20 /home/htmlbask/public_html/dashboard/application/vendor/laravel/framework/src/Illuminate/Container/BoundMethod.php(36): Illuminate\\Console\\Scheduling\\ScheduleRunCommand->handle(Object(Illuminate\\Console\\Scheduling\\Schedule), Object(Illuminate\\Events\\Dispatcher), Object(App\\Exceptions\\Handler))
#21 /home/htmlbask/public_html/dashboard/application/vendor/laravel/framework/src/Illuminate/Container/Util.php(40): Illuminate\\Container\\BoundMethod::Illuminate\\Container\\{closure}()
#22 /home/htmlbask/public_html/dashboard/application/vendor/laravel/framework/src/Illuminate/Container/BoundMethod.php(93): Illuminate\\Container\\Util::unwrapIfClosure(Object(Closure))
#23 /home/htmlbask/public_html/dashboard/application/vendor/laravel/framework/src/Illuminate/Container/BoundMethod.php(37): Illuminate\\Container\\BoundMethod::callBoundMethod(Object(Illuminate\\Foundation\\Application), Array, Object(Closure))
#24 /home/htmlbask/public_html/dashboard/application/vendor/laravel/framework/src/Illuminate/Container/Container.php(653): Illuminate\\Container\\BoundMethod::call(Object(Illuminate\\Foundation\\Application), Array, Array, NULL)
#25 /home/htmlbask/public_html/dashboard/application/vendor/laravel/framework/src/Illuminate/Console/Command.php(136): Illuminate\\Container\\Container->call(Array)
#26 /home/htmlbask/public_html/dashboard/application/vendor/symfony/console/Command/Command.php(298): Illuminate\\Console\\Command->execute(Object(Symfony\\Component\\Console\\Input\\ArgvInput), Object(Illuminate\\Console\\OutputStyle))
#27 /home/htmlbask/public_html/dashboard/application/vendor/laravel/framework/src/Illuminate/Console/Command.php(121): Symfony\\Component\\Console\\Command\\Command->run(Object(Symfony\\Component\\Console\\Input\\ArgvInput), Object(Illuminate\\Console\\OutputStyle))
#28 /home/htmlbask/public_html/dashboard/application/vendor/symfony/console/Application.php(1015): Illuminate\\Console\\Command->run(Object(Symfony\\Component\\Console\\Input\\ArgvInput), Object(Symfony\\Component\\Console\\Output\\ConsoleOutput))
#29 /home/htmlbask/public_html/dashboard/application/vendor/symfony/console/Application.php(299): Symfony\\Component\\Console\\Application->doRunCommand(Object(Illuminate\\Console\\Scheduling\\ScheduleRunCommand), Object(Symfony\\Component\\Console\\Input\\ArgvInput), Object(Symfony\\Component\\Console\\Output\\ConsoleOutput))
#30 /home/htmlbask/public_html/dashboard/application/vendor/symfony/console/Application.php(171): Symfony\\Component\\Console\\Application->doRun(Object(Symfony\\Component\\Console\\Input\\ArgvInput), Object(Symfony\\Component\\Console\\Output\\ConsoleOutput))
#31 /home/htmlbask/public_html/dashboard/application/vendor/laravel/framework/src/Illuminate/Console/Application.php(94): Symfony\\Component\\Console\\Application->run(Object(Symfony\\Component\\Console\\Input\\ArgvInput), Object(Symfony\\Component\\Console\\Output\\ConsoleOutput))
#32 /home/htmlbask/public_html/dashboard/application/vendor/laravel/framework/src/Illuminate/Foundation/Console/Kernel.php(129): Illuminate\\Console\\Application->run(Object(Symfony\\Component\\Console\\Input\\ArgvInput), Object(Symfony\\Component\\Console\\Output\\ConsoleOutput))
#33 /home/htmlbask/public_html/dashboard/application/artisan(37): Illuminate\\Foundation\\Console\\Kernel->handle(Object(Symfony\\Component\\Console\\Input\\ArgvInput), Object(Symfony\\Component\\Console\\Output\\ConsoleOutput))
#34 {main}
"} 
[2022-08-09 10:41:02] production.ERROR: escapeshellarg() has been disabled for security reasons {"exception":"[object] (ErrorException(code: 0): escapeshellarg() has been disabled for security reasons at /home/htmlbask/public_html/dashboard/application/vendor/swiftmailer/swiftmailer/lib/classes/Swift/Transport/SendmailTransport.php:114)
[stacktrace]
#0 [internal function]: Illuminate\\Foundation\\Bootstrap\\HandleExceptions->handleError(2, 'escapeshellarg(...', '/home/htmlbask/...', 114, Array)
#1 /home/htmlbask/public_html/dashboard/application/vendor/swiftmailer/swiftmailer/lib/classes/Swift/Transport/SendmailTransport.php(114): escapeshellarg('info@example.co...')
#2 /home/htmlbask/public_html/dashboard/application/vendor/swiftmailer/swiftmailer/lib/classes/Swift/Mailer.php(71): Swift_Transport_SendmailTransport->send(Object(Swift_Message), Array)
#3 /home/htmlbask/public_html/dashboard/application/vendor/laravel/framework/src/Illuminate/Mail/Mailer.php(521): Swift_Mailer->send(Object(Swift_Message), Array)
#4 /home/htmlbask/public_html/dashboard/application/vendor/laravel/framework/src/Illuminate/Mail/Mailer.php(288): Illuminate\\Mail\\Mailer->sendSwiftMessage(Object(Swift_Message))
#5 /home/htmlbask/public_html/dashboard/application/vendor/laravel/framework/src/Illuminate/Mail/Mailable.php(187): Illuminate\\Mail\\Mailer->send('pages.emails.te...', Array, Object(Closure))
#6 /home/htmlbask/public_html/dashboard/application/vendor/laravel/framework/src/Illuminate/Support/Traits/Localizable.php(19): Illuminate\\Mail\\Mailable->Illuminate\\Mail\\{closure}()
#7 /home/htmlbask/public_html/dashboard/application/vendor/laravel/framework/src/Illuminate/Mail/Mailable.php(188): Illuminate\\Mail\\Mailable->withLocale(NULL, Object(Closure))
#8 /home/htmlbask/public_html/dashboard/application/vendor/laravel/framework/src/Illuminate/Mail/Mailer.php(304): Illuminate\\Mail\\Mailable->send(Object(Illuminate\\Mail\\Mailer))
#9 /home/htmlbask/public_html/dashboard/application/vendor/laravel/framework/src/Illuminate/Mail/Mailer.php(258): Illuminate\\Mail\\Mailer->sendMailable(Object(App\\Mail\\SendQueued))
#10 /home/htmlbask/public_html/dashboard/application/vendor/laravel/framework/src/Illuminate/Mail/PendingMail.php(124): Illuminate\\Mail\\Mailer->send(Object(App\\Mail\\SendQueued))
#11 /home/htmlbask/public_html/dashboard/application/app/Cronjobs/EmailCron.php(54): Illuminate\\Mail\\PendingMail->send(Object(App\\Mail\\SendQueued))
#12 /home/htmlbask/public_html/dashboard/application/vendor/laravel/framework/src/Illuminate/Container/BoundMethod.php(36): App\\Cronjobs\\EmailCron->__invoke()
#13 /home/htmlbask/public_html/dashboard/application/vendor/laravel/framework/src/Illuminate/Container/Util.php(40): Illuminate\\Container\\BoundMethod::Illuminate\\Container\\{closure}()
#14 /home/htmlbask/public_html/dashboard/application/vendor/laravel/framework/src/Illuminate/Container/BoundMethod.php(93): Illuminate\\Container\\Util::unwrapIfClosure(Object(Closure))
#15 /home/htmlbask/public_html/dashboard/application/vendor/laravel/framework/src/Illuminate/Container/BoundMethod.php(37): Illuminate\\Container\\BoundMethod::callBoundMethod(Object(Illuminate\\Foundation\\Application), Array, Object(Closure))
#16 /home/htmlbask/public_html/dashboard/application/vendor/laravel/framework/src/Illuminate/Container/Container.php(653): Illuminate\\Container\\BoundMethod::call(Object(Illuminate\\Foundation\\Application), Array, Array, NULL)
#17 /home/htmlbask/public_html/dashboard/application/vendor/laravel/framework/src/Illuminate/Console/Scheduling/CallbackEvent.php(79): Illuminate\\Container\\Container->call(Array, Array)
#18 /home/htmlbask/public_html/dashboard/application/vendor/laravel/framework/src/Illuminate/Console/Scheduling/ScheduleRunCommand.php(143): Illuminate\\Console\\Scheduling\\CallbackEvent->run(Object(Illuminate\\Foundation\\Application))
#19 /home/htmlbask/public_html/dashboard/application/vendor/laravel/framework/src/Illuminate/Console/Scheduling/ScheduleRunCommand.php(102): Illuminate\\Console\\Scheduling\\ScheduleRunCommand->runEvent(Object(Illuminate\\Console\\Scheduling\\CallbackEvent))
#20 /home/htmlbask/public_html/dashboard/application/vendor/laravel/framework/src/Illuminate/Container/BoundMethod.php(36): Illuminate\\Console\\Scheduling\\ScheduleRunCommand->handle(Object(Illuminate\\Console\\Scheduling\\Schedule), Object(Illuminate\\Events\\Dispatcher), Object(App\\Exceptions\\Handler))
#21 /home/htmlbask/public_html/dashboard/application/vendor/laravel/framework/src/Illuminate/Container/Util.php(40): Illuminate\\Container\\BoundMethod::Illuminate\\Container\\{closure}()
#22 /home/htmlbask/public_html/dashboard/application/vendor/laravel/framework/src/Illuminate/Container/BoundMethod.php(93): Illuminate\\Container\\Util::unwrapIfClosure(Object(Closure))
#23 /home/htmlbask/public_html/dashboard/application/vendor/laravel/framework/src/Illuminate/Container/BoundMethod.php(37): Illuminate\\Container\\BoundMethod::callBoundMethod(Object(Illuminate\\Foundation\\Application), Array, Object(Closure))
#24 /home/htmlbask/public_html/dashboard/application/vendor/laravel/framework/src/Illuminate/Container/Container.php(653): Illuminate\\Container\\BoundMethod::call(Object(Illuminate\\Foundation\\Application), Array, Array, NULL)
#25 /home/htmlbask/public_html/dashboard/application/vendor/laravel/framework/src/Illuminate/Console/Command.php(136): Illuminate\\Container\\Container->call(Array)
#26 /home/htmlbask/public_html/dashboard/application/vendor/symfony/console/Command/Command.php(298): Illuminate\\Console\\Command->execute(Object(Symfony\\Component\\Console\\Input\\ArgvInput), Object(Illuminate\\Console\\OutputStyle))
#27 /home/htmlbask/public_html/dashboard/application/vendor/laravel/framework/src/Illuminate/Console/Command.php(121): Symfony\\Component\\Console\\Command\\Command->run(Object(Symfony\\Component\\Console\\Input\\ArgvInput), Object(Illuminate\\Console\\OutputStyle))
#28 /home/htmlbask/public_html/dashboard/application/vendor/symfony/console/Application.php(1015): Illuminate\\Console\\Command->run(Object(Symfony\\Component\\Console\\Input\\ArgvInput), Object(Symfony\\Component\\Console\\Output\\ConsoleOutput))
#29 /home/htmlbask/public_html/dashboard/application/vendor/symfony/console/Application.php(299): Symfony\\Component\\Console\\Application->doRunCommand(Object(Illuminate\\Console\\Scheduling\\ScheduleRunCommand), Object(Symfony\\Component\\Console\\Input\\ArgvInput), Object(Symfony\\Component\\Console\\Output\\ConsoleOutput))
#30 /home/htmlbask/public_html/dashboard/application/vendor/symfony/console/Application.php(171): Symfony\\Component\\Console\\Application->doRun(Object(Symfony\\Component\\Console\\Input\\ArgvInput), Object(Symfony\\Component\\Console\\Output\\ConsoleOutput))
#31 /home/htmlbask/public_html/dashboard/application/vendor/laravel/framework/src/Illuminate/Console/Application.php(94): Symfony\\Component\\Console\\Application->run(Object(Symfony\\Component\\Console\\Input\\ArgvInput), Object(Symfony\\Component\\Console\\Output\\ConsoleOutput))
#32 /home/htmlbask/public_html/dashboard/application/vendor/laravel/framework/src/Illuminate/Foundation/Console/Kernel.php(129): Illuminate\\Console\\Application->run(Object(Symfony\\Component\\Console\\Input\\ArgvInput), Object(Symfony\\Component\\Console\\Output\\ConsoleOutput))
#33 /home/htmlbask/public_html/dashboard/application/artisan(37): Illuminate\\Foundation\\Console\\Kernel->handle(Object(Symfony\\Component\\Console\\Input\\ArgvInput), Object(Symfony\\Component\\Console\\Output\\ConsoleOutput))
#34 {main}
"} 
[2022-08-09 10:46:02] production.ERROR: escapeshellarg() has been disabled for security reasons {"exception":"[object] (ErrorException(code: 0): escapeshellarg() has been disabled for security reasons at /home/htmlbask/public_html/dashboard/application/vendor/swiftmailer/swiftmailer/lib/classes/Swift/Transport/SendmailTransport.php:114)
[stacktrace]
#0 [internal function]: Illuminate\\Foundation\\Bootstrap\\HandleExceptions->handleError(2, 'escapeshellarg(...', '/home/htmlbask/...', 114, Array)
#1 /home/htmlbask/public_html/dashboard/application/vendor/swiftmailer/swiftmailer/lib/classes/Swift/Transport/SendmailTransport.php(114): escapeshellarg('info@example.co...')
#2 /home/htmlbask/public_html/dashboard/application/vendor/swiftmailer/swiftmailer/lib/classes/Swift/Mailer.php(71): Swift_Transport_SendmailTransport->send(Object(Swift_Message), Array)
#3 /home/htmlbask/public_html/dashboard/application/vendor/laravel/framework/src/Illuminate/Mail/Mailer.php(521): Swift_Mailer->send(Object(Swift_Message), Array)
#4 /home/htmlbask/public_html/dashboard/application/vendor/laravel/framework/src/Illuminate/Mail/Mailer.php(288): Illuminate\\Mail\\Mailer->sendSwiftMessage(Object(Swift_Message))
#5 /home/htmlbask/public_html/dashboard/application/vendor/laravel/framework/src/Illuminate/Mail/Mailable.php(187): Illuminate\\Mail\\Mailer->send('pages.emails.te...', Array, Object(Closure))
#6 /home/htmlbask/public_html/dashboard/application/vendor/laravel/framework/src/Illuminate/Support/Traits/Localizable.php(19): Illuminate\\Mail\\Mailable->Illuminate\\Mail\\{closure}()
#7 /home/htmlbask/public_html/dashboard/application/vendor/laravel/framework/src/Illuminate/Mail/Mailable.php(188): Illuminate\\Mail\\Mailable->withLocale(NULL, Object(Closure))
#8 /home/htmlbask/public_html/dashboard/application/vendor/laravel/framework/src/Illuminate/Mail/Mailer.php(304): Illuminate\\Mail\\Mailable->send(Object(Illuminate\\Mail\\Mailer))
#9 /home/htmlbask/public_html/dashboard/application/vendor/laravel/framework/src/Illuminate/Mail/Mailer.php(258): Illuminate\\Mail\\Mailer->sendMailable(Object(App\\Mail\\SendQueued))
#10 /home/htmlbask/public_html/dashboard/application/vendor/laravel/framework/src/Illuminate/Mail/PendingMail.php(124): Illuminate\\Mail\\Mailer->send(Object(App\\Mail\\SendQueued))
#11 /home/htmlbask/public_html/dashboard/application/app/Cronjobs/EmailCron.php(54): Illuminate\\Mail\\PendingMail->send(Object(App\\Mail\\SendQueued))
#12 /home/htmlbask/public_html/dashboard/application/vendor/laravel/framework/src/Illuminate/Container/BoundMethod.php(36): App\\Cronjobs\\EmailCron->__invoke()
#13 /home/htmlbask/public_html/dashboard/application/vendor/laravel/framework/src/Illuminate/Container/Util.php(40): Illuminate\\Container\\BoundMethod::Illuminate\\Container\\{closure}()
#14 /home/htmlbask/public_html/dashboard/application/vendor/laravel/framework/src/Illuminate/Container/BoundMethod.php(93): Illuminate\\Container\\Util::unwrapIfClosure(Object(Closure))
#15 /home/htmlbask/public_html/dashboard/application/vendor/laravel/framework/src/Illuminate/Container/BoundMethod.php(37): Illuminate\\Container\\BoundMethod::callBoundMethod(Object(Illuminate\\Foundation\\Application), Array, Object(Closure))
#16 /home/htmlbask/public_html/dashboard/application/vendor/laravel/framework/src/Illuminate/Container/Container.php(653): Illuminate\\Container\\BoundMethod::call(Object(Illuminate\\Foundation\\Application), Array, Array, NULL)
#17 /home/htmlbask/public_html/dashboard/application/vendor/laravel/framework/src/Illuminate/Console/Scheduling/CallbackEvent.php(79): Illuminate\\Container\\Container->call(Array, Array)
#18 /home/htmlbask/public_html/dashboard/application/vendor/laravel/framework/src/Illuminate/Console/Scheduling/ScheduleRunCommand.php(143): Illuminate\\Console\\Scheduling\\CallbackEvent->run(Object(Illuminate\\Foundation\\Application))
#19 /home/htmlbask/public_html/dashboard/application/vendor/laravel/framework/src/Illuminate/Console/Scheduling/ScheduleRunCommand.php(102): Illuminate\\Console\\Scheduling\\ScheduleRunCommand->runEvent(Object(Illuminate\\Console\\Scheduling\\CallbackEvent))
#20 /home/htmlbask/public_html/dashboard/application/vendor/laravel/framework/src/Illuminate/Container/BoundMethod.php(36): Illuminate\\Console\\Scheduling\\ScheduleRunCommand->handle(Object(Illuminate\\Console\\Scheduling\\Schedule), Object(Illuminate\\Events\\Dispatcher), Object(App\\Exceptions\\Handler))
#21 /home/htmlbask/public_html/dashboard/application/vendor/laravel/framework/src/Illuminate/Container/Util.php(40): Illuminate\\Container\\BoundMethod::Illuminate\\Container\\{closure}()
#22 /home/htmlbask/public_html/dashboard/application/vendor/laravel/framework/src/Illuminate/Container/BoundMethod.php(93): Illuminate\\Container\\Util::unwrapIfClosure(Object(Closure))
#23 /home/htmlbask/public_html/dashboard/application/vendor/laravel/framework/src/Illuminate/Container/BoundMethod.php(37): Illuminate\\Container\\BoundMethod::callBoundMethod(Object(Illuminate\\Foundation\\Application), Array, Object(Closure))
#24 /home/htmlbask/public_html/dashboard/application/vendor/laravel/framework/src/Illuminate/Container/Container.php(653): Illuminate\\Container\\BoundMethod::call(Object(Illuminate\\Foundation\\Application), Array, Array, NULL)
#25 /home/htmlbask/public_html/dashboard/application/vendor/laravel/framework/src/Illuminate/Console/Command.php(136): Illuminate\\Container\\Container->call(Array)
#26 /home/htmlbask/public_html/dashboard/application/vendor/symfony/console/Command/Command.php(298): Illuminate\\Console\\Command->execute(Object(Symfony\\Component\\Console\\Input\\ArgvInput), Object(Illuminate\\Console\\OutputStyle))
#27 /home/htmlbask/public_html/dashboard/application/vendor/laravel/framework/src/Illuminate/Console/Command.php(121): Symfony\\Component\\Console\\Command\\Command->run(Object(Symfony\\Component\\Console\\Input\\ArgvInput), Object(Illuminate\\Console\\OutputStyle))
#28 /home/htmlbask/public_html/dashboard/application/vendor/symfony/console/Application.php(1015): Illuminate\\Console\\Command->run(Object(Symfony\\Component\\Console\\Input\\ArgvInput), Object(Symfony\\Component\\Console\\Output\\ConsoleOutput))
#29 /home/htmlbask/public_html/dashboard/application/vendor/symfony/console/Application.php(299): Symfony\\Component\\Console\\Application->doRunCommand(Object(Illuminate\\Console\\Scheduling\\ScheduleRunCommand), Object(Symfony\\Component\\Console\\Input\\ArgvInput), Object(Symfony\\Component\\Console\\Output\\ConsoleOutput))
#30 /home/htmlbask/public_html/dashboard/application/vendor/symfony/console/Application.php(171): Symfony\\Component\\Console\\Application->doRun(Object(Symfony\\Component\\Console\\Input\\ArgvInput), Object(Symfony\\Component\\Console\\Output\\ConsoleOutput))
#31 /home/htmlbask/public_html/dashboard/application/vendor/laravel/framework/src/Illuminate/Console/Application.php(94): Symfony\\Component\\Console\\Application->run(Object(Symfony\\Component\\Console\\Input\\ArgvInput), Object(Symfony\\Component\\Console\\Output\\ConsoleOutput))
#32 /home/htmlbask/public_html/dashboard/application/vendor/laravel/framework/src/Illuminate/Foundation/Console/Kernel.php(129): Illuminate\\Console\\Application->run(Object(Symfony\\Component\\Console\\Input\\ArgvInput), Object(Symfony\\Component\\Console\\Output\\ConsoleOutput))
#33 /home/htmlbask/public_html/dashboard/application/artisan(37): Illuminate\\Foundation\\Console\\Kernel->handle(Object(Symfony\\Component\\Console\\Input\\ArgvInput), Object(Symfony\\Component\\Console\\Output\\ConsoleOutput))
#34 {main}
"} 
[2022-08-09 10:49:02] production.ERROR: escapeshellarg() has been disabled for security reasons {"exception":"[object] (ErrorException(code: 0): escapeshellarg() has been disabled for security reasons at /home/htmlbask/public_html/dashboard/application/vendor/swiftmailer/swiftmailer/lib/classes/Swift/Transport/SendmailTransport.php:114)
[stacktrace]
#0 [internal function]: Illuminate\\Foundation\\Bootstrap\\HandleExceptions->handleError(2, 'escapeshellarg(...', '/home/htmlbask/...', 114, Array)
#1 /home/htmlbask/public_html/dashboard/application/vendor/swiftmailer/swiftmailer/lib/classes/Swift/Transport/SendmailTransport.php(114): escapeshellarg('info@example.co...')
#2 /home/htmlbask/public_html/dashboard/application/vendor/swiftmailer/swiftmailer/lib/classes/Swift/Mailer.php(71): Swift_Transport_SendmailTransport->send(Object(Swift_Message), Array)
#3 /home/htmlbask/public_html/dashboard/application/vendor/laravel/framework/src/Illuminate/Mail/Mailer.php(521): Swift_Mailer->send(Object(Swift_Message), Array)
#4 /home/htmlbask/public_html/dashboard/application/vendor/laravel/framework/src/Illuminate/Mail/Mailer.php(288): Illuminate\\Mail\\Mailer->sendSwiftMessage(Object(Swift_Message))
#5 /home/htmlbask/public_html/dashboard/application/vendor/laravel/framework/src/Illuminate/Mail/Mailable.php(187): Illuminate\\Mail\\Mailer->send('pages.emails.te...', Array, Object(Closure))
#6 /home/htmlbask/public_html/dashboard/application/vendor/laravel/framework/src/Illuminate/Support/Traits/Localizable.php(19): Illuminate\\Mail\\Mailable->Illuminate\\Mail\\{closure}()
#7 /home/htmlbask/public_html/dashboard/application/vendor/laravel/framework/src/Illuminate/Mail/Mailable.php(188): Illuminate\\Mail\\Mailable->withLocale(NULL, Object(Closure))
#8 /home/htmlbask/public_html/dashboard/application/vendor/laravel/framework/src/Illuminate/Mail/Mailer.php(304): Illuminate\\Mail\\Mailable->send(Object(Illuminate\\Mail\\Mailer))
#9 /home/htmlbask/public_html/dashboard/application/vendor/laravel/framework/src/Illuminate/Mail/Mailer.php(258): Illuminate\\Mail\\Mailer->sendMailable(Object(App\\Mail\\SendQueued))
#10 /home/htmlbask/public_html/dashboard/application/vendor/laravel/framework/src/Illuminate/Mail/PendingMail.php(124): Illuminate\\Mail\\Mailer->send(Object(App\\Mail\\SendQueued))
#11 /home/htmlbask/public_html/dashboard/application/app/Cronjobs/EmailCron.php(54): Illuminate\\Mail\\PendingMail->send(Object(App\\Mail\\SendQueued))
#12 /home/htmlbask/public_html/dashboard/application/vendor/laravel/framework/src/Illuminate/Container/BoundMethod.php(36): App\\Cronjobs\\EmailCron->__invoke()
#13 /home/htmlbask/public_html/dashboard/application/vendor/laravel/framework/src/Illuminate/Container/Util.php(40): Illuminate\\Container\\BoundMethod::Illuminate\\Container\\{closure}()
#14 /home/htmlbask/public_html/dashboard/application/vendor/laravel/framework/src/Illuminate/Container/BoundMethod.php(93): Illuminate\\Container\\Util::unwrapIfClosure(Object(Closure))
#15 /home/htmlbask/public_html/dashboard/application/vendor/laravel/framework/src/Illuminate/Container/BoundMethod.php(37): Illuminate\\Container\\BoundMethod::callBoundMethod(Object(Illuminate\\Foundation\\Application), Array, Object(Closure))
#16 /home/htmlbask/public_html/dashboard/application/vendor/laravel/framework/src/Illuminate/Container/Container.php(653): Illuminate\\Container\\BoundMethod::call(Object(Illuminate\\Foundation\\Application), Array, Array, NULL)
#17 /home/htmlbask/public_html/dashboard/application/vendor/laravel/framework/src/Illuminate/Console/Scheduling/CallbackEvent.php(79): Illuminate\\Container\\Container->call(Array, Array)
#18 /home/htmlbask/public_html/dashboard/application/vendor/laravel/framework/src/Illuminate/Console/Scheduling/ScheduleRunCommand.php(143): Illuminate\\Console\\Scheduling\\CallbackEvent->run(Object(Illuminate\\Foundation\\Application))
#19 /home/htmlbask/public_html/dashboard/application/vendor/laravel/framework/src/Illuminate/Console/Scheduling/ScheduleRunCommand.php(102): Illuminate\\Console\\Scheduling\\ScheduleRunCommand->runEvent(Object(Illuminate\\Console\\Scheduling\\CallbackEvent))
#20 /home/htmlbask/public_html/dashboard/application/vendor/laravel/framework/src/Illuminate/Container/BoundMethod.php(36): Illuminate\\Console\\Scheduling\\ScheduleRunCommand->handle(Object(Illuminate\\Console\\Scheduling\\Schedule), Object(Illuminate\\Events\\Dispatcher), Object(App\\Exceptions\\Handler))
#21 /home/htmlbask/public_html/dashboard/application/vendor/laravel/framework/src/Illuminate/Container/Util.php(40): Illuminate\\Container\\BoundMethod::Illuminate\\Container\\{closure}()
#22 /home/htmlbask/public_html/dashboard/application/vendor/laravel/framework/src/Illuminate/Container/BoundMethod.php(93): Illuminate\\Container\\Util::unwrapIfClosure(Object(Closure))
#23 /home/htmlbask/public_html/dashboard/application/vendor/laravel/framework/src/Illuminate/Container/BoundMethod.php(37): Illuminate\\Container\\BoundMethod::callBoundMethod(Object(Illuminate\\Foundation\\Application), Array, Object(Closure))
#24 /home/htmlbask/public_html/dashboard/application/vendor/laravel/framework/src/Illuminate/Container/Container.php(653): Illuminate\\Container\\BoundMethod::call(Object(Illuminate\\Foundation\\Application), Array, Array, NULL)
#25 /home/htmlbask/public_html/dashboard/application/vendor/laravel/framework/src/Illuminate/Console/Command.php(136): Illuminate\\Container\\Container->call(Array)
#26 /home/htmlbask/public_html/dashboard/application/vendor/symfony/console/Command/Command.php(298): Illuminate\\Console\\Command->execute(Object(Symfony\\Component\\Console\\Input\\ArgvInput), Object(Illuminate\\Console\\OutputStyle))
#27 /home/htmlbask/public_html/dashboard/application/vendor/laravel/framework/src/Illuminate/Console/Command.php(121): Symfony\\Component\\Console\\Command\\Command->run(Object(Symfony\\Component\\Console\\Input\\ArgvInput), Object(Illuminate\\Console\\OutputStyle))
#28 /home/htmlbask/public_html/dashboard/application/vendor/symfony/console/Application.php(1015): Illuminate\\Console\\Command->run(Object(Symfony\\Component\\Console\\Input\\ArgvInput), Object(Symfony\\Component\\Console\\Output\\ConsoleOutput))
#29 /home/htmlbask/public_html/dashboard/application/vendor/symfony/console/Application.php(299): Symfony\\Component\\Console\\Application->doRunCommand(Object(Illuminate\\Console\\Scheduling\\ScheduleRunCommand), Object(Symfony\\Component\\Console\\Input\\ArgvInput), Object(Symfony\\Component\\Console\\Output\\ConsoleOutput))
#30 /home/htmlbask/public_html/dashboard/application/vendor/symfony/console/Application.php(171): Symfony\\Component\\Console\\Application->doRun(Object(Symfony\\Component\\Console\\Input\\ArgvInput), Object(Symfony\\Component\\Console\\Output\\ConsoleOutput))
#31 /home/htmlbask/public_html/dashboard/application/vendor/laravel/framework/src/Illuminate/Console/Application.php(94): Symfony\\Component\\Console\\Application->run(Object(Symfony\\Component\\Console\\Input\\ArgvInput), Object(Symfony\\Component\\Console\\Output\\ConsoleOutput))
#32 /home/htmlbask/public_html/dashboard/application/vendor/laravel/framework/src/Illuminate/Foundation/Console/Kernel.php(129): Illuminate\\Console\\Application->run(Object(Symfony\\Component\\Console\\Input\\ArgvInput), Object(Symfony\\Component\\Console\\Output\\ConsoleOutput))
#33 /home/htmlbask/public_html/dashboard/application/artisan(37): Illuminate\\Foundation\\Console\\Kernel->handle(Object(Symfony\\Component\\Console\\Input\\ArgvInput), Object(Symfony\\Component\\Console\\Output\\ConsoleOutput))
#34 {main}
"} 
[2022-08-09 10:50:02] production.ERROR: escapeshellarg() has been disabled for security reasons {"exception":"[object] (ErrorException(code: 0): escapeshellarg() has been disabled for security reasons at /home/htmlbask/public_html/dashboard/application/vendor/swiftmailer/swiftmailer/lib/classes/Swift/Transport/SendmailTransport.php:114)
[stacktrace]
#0 [internal function]: Illuminate\\Foundation\\Bootstrap\\HandleExceptions->handleError(2, 'escapeshellarg(...', '/home/htmlbask/...', 114, Array)
#1 /home/htmlbask/public_html/dashboard/application/vendor/swiftmailer/swiftmailer/lib/classes/Swift/Transport/SendmailTransport.php(114): escapeshellarg('info@example.co...')
#2 /home/htmlbask/public_html/dashboard/application/vendor/swiftmailer/swiftmailer/lib/classes/Swift/Mailer.php(71): Swift_Transport_SendmailTransport->send(Object(Swift_Message), Array)
#3 /home/htmlbask/public_html/dashboard/application/vendor/laravel/framework/src/Illuminate/Mail/Mailer.php(521): Swift_Mailer->send(Object(Swift_Message), Array)
#4 /home/htmlbask/public_html/dashboard/application/vendor/laravel/framework/src/Illuminate/Mail/Mailer.php(288): Illuminate\\Mail\\Mailer->sendSwiftMessage(Object(Swift_Message))
#5 /home/htmlbask/public_html/dashboard/application/vendor/laravel/framework/src/Illuminate/Mail/Mailable.php(187): Illuminate\\Mail\\Mailer->send('pages.emails.te...', Array, Object(Closure))
#6 /home/htmlbask/public_html/dashboard/application/vendor/laravel/framework/src/Illuminate/Support/Traits/Localizable.php(19): Illuminate\\Mail\\Mailable->Illuminate\\Mail\\{closure}()
#7 /home/htmlbask/public_html/dashboard/application/vendor/laravel/framework/src/Illuminate/Mail/Mailable.php(188): Illuminate\\Mail\\Mailable->withLocale(NULL, Object(Closure))
#8 /home/htmlbask/public_html/dashboard/application/vendor/laravel/framework/src/Illuminate/Mail/Mailer.php(304): Illuminate\\Mail\\Mailable->send(Object(Illuminate\\Mail\\Mailer))
#9 /home/htmlbask/public_html/dashboard/application/vendor/laravel/framework/src/Illuminate/Mail/Mailer.php(258): Illuminate\\Mail\\Mailer->sendMailable(Object(App\\Mail\\SendQueued))
#10 /home/htmlbask/public_html/dashboard/application/vendor/laravel/framework/src/Illuminate/Mail/PendingMail.php(124): Illuminate\\Mail\\Mailer->send(Object(App\\Mail\\SendQueued))
#11 /home/htmlbask/public_html/dashboard/application/app/Cronjobs/EmailCron.php(54): Illuminate\\Mail\\PendingMail->send(Object(App\\Mail\\SendQueued))
#12 /home/htmlbask/public_html/dashboard/application/vendor/laravel/framework/src/Illuminate/Container/BoundMethod.php(36): App\\Cronjobs\\EmailCron->__invoke()
#13 /home/htmlbask/public_html/dashboard/application/vendor/laravel/framework/src/Illuminate/Container/Util.php(40): Illuminate\\Container\\BoundMethod::Illuminate\\Container\\{closure}()
#14 /home/htmlbask/public_html/dashboard/application/vendor/laravel/framework/src/Illuminate/Container/BoundMethod.php(93): Illuminate\\Container\\Util::unwrapIfClosure(Object(Closure))
#15 /home/htmlbask/public_html/dashboard/application/vendor/laravel/framework/src/Illuminate/Container/BoundMethod.php(37): Illuminate\\Container\\BoundMethod::callBoundMethod(Object(Illuminate\\Foundation\\Application), Array, Object(Closure))
#16 /home/htmlbask/public_html/dashboard/application/vendor/laravel/framework/src/Illuminate/Container/Container.php(653): Illuminate\\Container\\BoundMethod::call(Object(Illuminate\\Foundation\\Application), Array, Array, NULL)
#17 /home/htmlbask/public_html/dashboard/application/vendor/laravel/framework/src/Illuminate/Console/Scheduling/CallbackEvent.php(79): Illuminate\\Container\\Container->call(Array, Array)
#18 /home/htmlbask/public_html/dashboard/application/vendor/laravel/framework/src/Illuminate/Console/Scheduling/ScheduleRunCommand.php(143): Illuminate\\Console\\Scheduling\\CallbackEvent->run(Object(Illuminate\\Foundation\\Application))
#19 /home/htmlbask/public_html/dashboard/application/vendor/laravel/framework/src/Illuminate/Console/Scheduling/ScheduleRunCommand.php(102): Illuminate\\Console\\Scheduling\\ScheduleRunCommand->runEvent(Object(Illuminate\\Console\\Scheduling\\CallbackEvent))
#20 /home/htmlbask/public_html/dashboard/application/vendor/laravel/framework/src/Illuminate/Container/BoundMethod.php(36): Illuminate\\Console\\Scheduling\\ScheduleRunCommand->handle(Object(Illuminate\\Console\\Scheduling\\Schedule), Object(Illuminate\\Events\\Dispatcher), Object(App\\Exceptions\\Handler))
#21 /home/htmlbask/public_html/dashboard/application/vendor/laravel/framework/src/Illuminate/Container/Util.php(40): Illuminate\\Container\\BoundMethod::Illuminate\\Container\\{closure}()
#22 /home/htmlbask/public_html/dashboard/application/vendor/laravel/framework/src/Illuminate/Container/BoundMethod.php(93): Illuminate\\Container\\Util::unwrapIfClosure(Object(Closure))
#23 /home/htmlbask/public_html/dashboard/application/vendor/laravel/framework/src/Illuminate/Container/BoundMethod.php(37): Illuminate\\Container\\BoundMethod::callBoundMethod(Object(Illuminate\\Foundation\\Application), Array, Object(Closure))
#24 /home/htmlbask/public_html/dashboard/application/vendor/laravel/framework/src/Illuminate/Container/Container.php(653): Illuminate\\Container\\BoundMethod::call(Object(Illuminate\\Foundation\\Application), Array, Array, NULL)
#25 /home/htmlbask/public_html/dashboard/application/vendor/laravel/framework/src/Illuminate/Console/Command.php(136): Illuminate\\Container\\Container->call(Array)
#26 /home/htmlbask/public_html/dashboard/application/vendor/symfony/console/Command/Command.php(298): Illuminate\\Console\\Command->execute(Object(Symfony\\Component\\Console\\Input\\ArgvInput), Object(Illuminate\\Console\\OutputStyle))
#27 /home/htmlbask/public_html/dashboard/application/vendor/laravel/framework/src/Illuminate/Console/Command.php(121): Symfony\\Component\\Console\\Command\\Command->run(Object(Symfony\\Component\\Console\\Input\\ArgvInput), Object(Illuminate\\Console\\OutputStyle))
#28 /home/htmlbask/public_html/dashboard/application/vendor/symfony/console/Application.php(1015): Illuminate\\Console\\Command->run(Object(Symfony\\Component\\Console\\Input\\ArgvInput), Object(Symfony\\Component\\Console\\Output\\ConsoleOutput))
#29 /home/htmlbask/public_html/dashboard/application/vendor/symfony/console/Application.php(299): Symfony\\Component\\Console\\Application->doRunCommand(Object(Illuminate\\Console\\Scheduling\\ScheduleRunCommand), Object(Symfony\\Component\\Console\\Input\\ArgvInput), Object(Symfony\\Component\\Console\\Output\\ConsoleOutput))
#30 /home/htmlbask/public_html/dashboard/application/vendor/symfony/console/Application.php(171): Symfony\\Component\\Console\\Application->doRun(Object(Symfony\\Component\\Console\\Input\\ArgvInput), Object(Symfony\\Component\\Console\\Output\\ConsoleOutput))
#31 /home/htmlbask/public_html/dashboard/application/vendor/laravel/framework/src/Illuminate/Console/Application.php(94): Symfony\\Component\\Console\\Application->run(Object(Symfony\\Component\\Console\\Input\\ArgvInput), Object(Symfony\\Component\\Console\\Output\\ConsoleOutput))
#32 /home/htmlbask/public_html/dashboard/application/vendor/laravel/framework/src/Illuminate/Foundation/Console/Kernel.php(129): Illuminate\\Console\\Application->run(Object(Symfony\\Component\\Console\\Input\\ArgvInput), Object(Symfony\\Component\\Console\\Output\\ConsoleOutput))
#33 /home/htmlbask/public_html/dashboard/application/artisan(37): Illuminate\\Foundation\\Console\\Kernel->handle(Object(Symfony\\Component\\Console\\Input\\ArgvInput), Object(Symfony\\Component\\Console\\Output\\ConsoleOutput))
#34 {main}
"} 
[2022-08-09 10:57:01] production.ERROR: escapeshellarg() has been disabled for security reasons {"exception":"[object] (ErrorException(code: 0): escapeshellarg() has been disabled for security reasons at /home/htmlbask/public_html/dashboard/application/vendor/swiftmailer/swiftmailer/lib/classes/Swift/Transport/SendmailTransport.php:114)
[stacktrace]
#0 [internal function]: Illuminate\\Foundation\\Bootstrap\\HandleExceptions->handleError(2, 'escapeshellarg(...', '/home/htmlbask/...', 114, Array)
#1 /home/htmlbask/public_html/dashboard/application/vendor/swiftmailer/swiftmailer/lib/classes/Swift/Transport/SendmailTransport.php(114): escapeshellarg('info@example.co...')
#2 /home/htmlbask/public_html/dashboard/application/vendor/swiftmailer/swiftmailer/lib/classes/Swift/Mailer.php(71): Swift_Transport_SendmailTransport->send(Object(Swift_Message), Array)
#3 /home/htmlbask/public_html/dashboard/application/vendor/laravel/framework/src/Illuminate/Mail/Mailer.php(521): Swift_Mailer->send(Object(Swift_Message), Array)
#4 /home/htmlbask/public_html/dashboard/application/vendor/laravel/framework/src/Illuminate/Mail/Mailer.php(288): Illuminate\\Mail\\Mailer->sendSwiftMessage(Object(Swift_Message))
#5 /home/htmlbask/public_html/dashboard/application/vendor/laravel/framework/src/Illuminate/Mail/Mailable.php(187): Illuminate\\Mail\\Mailer->send('pages.emails.te...', Array, Object(Closure))
#6 /home/htmlbask/public_html/dashboard/application/vendor/laravel/framework/src/Illuminate/Support/Traits/Localizable.php(19): Illuminate\\Mail\\Mailable->Illuminate\\Mail\\{closure}()
#7 /home/htmlbask/public_html/dashboard/application/vendor/laravel/framework/src/Illuminate/Mail/Mailable.php(188): Illuminate\\Mail\\Mailable->withLocale(NULL, Object(Closure))
#8 /home/htmlbask/public_html/dashboard/application/vendor/laravel/framework/src/Illuminate/Mail/Mailer.php(304): Illuminate\\Mail\\Mailable->send(Object(Illuminate\\Mail\\Mailer))
#9 /home/htmlbask/public_html/dashboard/application/vendor/laravel/framework/src/Illuminate/Mail/Mailer.php(258): Illuminate\\Mail\\Mailer->sendMailable(Object(App\\Mail\\SendQueued))
#10 /home/htmlbask/public_html/dashboard/application/vendor/laravel/framework/src/Illuminate/Mail/PendingMail.php(124): Illuminate\\Mail\\Mailer->send(Object(App\\Mail\\SendQueued))
#11 /home/htmlbask/public_html/dashboard/application/app/Cronjobs/EmailCron.php(54): Illuminate\\Mail\\PendingMail->send(Object(App\\Mail\\SendQueued))
#12 /home/htmlbask/public_html/dashboard/application/vendor/laravel/framework/src/Illuminate/Container/BoundMethod.php(36): App\\Cronjobs\\EmailCron->__invoke()
#13 /home/htmlbask/public_html/dashboard/application/vendor/laravel/framework/src/Illuminate/Container/Util.php(40): Illuminate\\Container\\BoundMethod::Illuminate\\Container\\{closure}()
#14 /home/htmlbask/public_html/dashboard/application/vendor/laravel/framework/src/Illuminate/Container/BoundMethod.php(93): Illuminate\\Container\\Util::unwrapIfClosure(Object(Closure))
#15 /home/htmlbask/public_html/dashboard/application/vendor/laravel/framework/src/Illuminate/Container/BoundMethod.php(37): Illuminate\\Container\\BoundMethod::callBoundMethod(Object(Illuminate\\Foundation\\Application), Array, Object(Closure))
#16 /home/htmlbask/public_html/dashboard/application/vendor/laravel/framework/src/Illuminate/Container/Container.php(653): Illuminate\\Container\\BoundMethod::call(Object(Illuminate\\Foundation\\Application), Array, Array, NULL)
#17 /home/htmlbask/public_html/dashboard/application/vendor/laravel/framework/src/Illuminate/Console/Scheduling/CallbackEvent.php(79): Illuminate\\Container\\Container->call(Array, Array)
#18 /home/htmlbask/public_html/dashboard/application/vendor/laravel/framework/src/Illuminate/Console/Scheduling/ScheduleRunCommand.php(143): Illuminate\\Console\\Scheduling\\CallbackEvent->run(Object(Illuminate\\Foundation\\Application))
#19 /home/htmlbask/public_html/dashboard/application/vendor/laravel/framework/src/Illuminate/Console/Scheduling/ScheduleRunCommand.php(102): Illuminate\\Console\\Scheduling\\ScheduleRunCommand->runEvent(Object(Illuminate\\Console\\Scheduling\\CallbackEvent))
#20 /home/htmlbask/public_html/dashboard/application/vendor/laravel/framework/src/Illuminate/Container/BoundMethod.php(36): Illuminate\\Console\\Scheduling\\ScheduleRunCommand->handle(Object(Illuminate\\Console\\Scheduling\\Schedule), Object(Illuminate\\Events\\Dispatcher), Object(App\\Exceptions\\Handler))
#21 /home/htmlbask/public_html/dashboard/application/vendor/laravel/framework/src/Illuminate/Container/Util.php(40): Illuminate\\Container\\BoundMethod::Illuminate\\Container\\{closure}()
#22 /home/htmlbask/public_html/dashboard/application/vendor/laravel/framework/src/Illuminate/Container/BoundMethod.php(93): Illuminate\\Container\\Util::unwrapIfClosure(Object(Closure))
#23 /home/htmlbask/public_html/dashboard/application/vendor/laravel/framework/src/Illuminate/Container/BoundMethod.php(37): Illuminate\\Container\\BoundMethod::callBoundMethod(Object(Illuminate\\Foundation\\Application), Array, Object(Closure))
#24 /home/htmlbask/public_html/dashboard/application/vendor/laravel/framework/src/Illuminate/Container/Container.php(653): Illuminate\\Container\\BoundMethod::call(Object(Illuminate\\Foundation\\Application), Array, Array, NULL)
#25 /home/htmlbask/public_html/dashboard/application/vendor/laravel/framework/src/Illuminate/Console/Command.php(136): Illuminate\\Container\\Container->call(Array)
#26 /home/htmlbask/public_html/dashboard/application/vendor/symfony/console/Command/Command.php(298): Illuminate\\Console\\Command->execute(Object(Symfony\\Component\\Console\\Input\\ArgvInput), Object(Illuminate\\Console\\OutputStyle))
#27 /home/htmlbask/public_html/dashboard/application/vendor/laravel/framework/src/Illuminate/Console/Command.php(121): Symfony\\Component\\Console\\Command\\Command->run(Object(Symfony\\Component\\Console\\Input\\ArgvInput), Object(Illuminate\\Console\\OutputStyle))
#28 /home/htmlbask/public_html/dashboard/application/vendor/symfony/console/Application.php(1015): Illuminate\\Console\\Command->run(Object(Symfony\\Component\\Console\\Input\\ArgvInput), Object(Symfony\\Component\\Console\\Output\\ConsoleOutput))
#29 /home/htmlbask/public_html/dashboard/application/vendor/symfony/console/Application.php(299): Symfony\\Component\\Console\\Application->doRunCommand(Object(Illuminate\\Console\\Scheduling\\ScheduleRunCommand), Object(Symfony\\Component\\Console\\Input\\ArgvInput), Object(Symfony\\Component\\Console\\Output\\ConsoleOutput))
#30 /home/htmlbask/public_html/dashboard/application/vendor/symfony/console/Application.php(171): Symfony\\Component\\Console\\Application->doRun(Object(Symfony\\Component\\Console\\Input\\ArgvInput), Object(Symfony\\Component\\Console\\Output\\ConsoleOutput))
#31 /home/htmlbask/public_html/dashboard/application/vendor/laravel/framework/src/Illuminate/Console/Application.php(94): Symfony\\Component\\Console\\Application->run(Object(Symfony\\Component\\Console\\Input\\ArgvInput), Object(Symfony\\Component\\Console\\Output\\ConsoleOutput))
#32 /home/htmlbask/public_html/dashboard/application/vendor/laravel/framework/src/Illuminate/Foundation/Console/Kernel.php(129): Illuminate\\Console\\Application->run(Object(Symfony\\Component\\Console\\Input\\ArgvInput), Object(Symfony\\Component\\Console\\Output\\ConsoleOutput))
#33 /home/htmlbask/public_html/dashboard/application/artisan(37): Illuminate\\Foundation\\Console\\Kernel->handle(Object(Symfony\\Component\\Console\\Input\\ArgvInput), Object(Symfony\\Component\\Console\\Output\\ConsoleOutput))
#34 {main}
"} 
[2022-08-09 11:12:02] production.ERROR: escapeshellarg() has been disabled for security reasons {"exception":"[object] (ErrorException(code: 0): escapeshellarg() has been disabled for security reasons at /home/htmlbask/public_html/dashboard/application/vendor/swiftmailer/swiftmailer/lib/classes/Swift/Transport/SendmailTransport.php:114)
[stacktrace]
#0 [internal function]: Illuminate\\Foundation\\Bootstrap\\HandleExceptions->handleError(2, 'escapeshellarg(...', '/home/htmlbask/...', 114, Array)
#1 /home/htmlbask/public_html/dashboard/application/vendor/swiftmailer/swiftmailer/lib/classes/Swift/Transport/SendmailTransport.php(114): escapeshellarg('info@example.co...')
#2 /home/htmlbask/public_html/dashboard/application/vendor/swiftmailer/swiftmailer/lib/classes/Swift/Mailer.php(71): Swift_Transport_SendmailTransport->send(Object(Swift_Message), Array)
#3 /home/htmlbask/public_html/dashboard/application/vendor/laravel/framework/src/Illuminate/Mail/Mailer.php(521): Swift_Mailer->send(Object(Swift_Message), Array)
#4 /home/htmlbask/public_html/dashboard/application/vendor/laravel/framework/src/Illuminate/Mail/Mailer.php(288): Illuminate\\Mail\\Mailer->sendSwiftMessage(Object(Swift_Message))
#5 /home/htmlbask/public_html/dashboard/application/vendor/laravel/framework/src/Illuminate/Mail/Mailable.php(187): Illuminate\\Mail\\Mailer->send('pages.emails.te...', Array, Object(Closure))
#6 /home/htmlbask/public_html/dashboard/application/vendor/laravel/framework/src/Illuminate/Support/Traits/Localizable.php(19): Illuminate\\Mail\\Mailable->Illuminate\\Mail\\{closure}()
#7 /home/htmlbask/public_html/dashboard/application/vendor/laravel/framework/src/Illuminate/Mail/Mailable.php(188): Illuminate\\Mail\\Mailable->withLocale(NULL, Object(Closure))
#8 /home/htmlbask/public_html/dashboard/application/vendor/laravel/framework/src/Illuminate/Mail/Mailer.php(304): Illuminate\\Mail\\Mailable->send(Object(Illuminate\\Mail\\Mailer))
#9 /home/htmlbask/public_html/dashboard/application/vendor/laravel/framework/src/Illuminate/Mail/Mailer.php(258): Illuminate\\Mail\\Mailer->sendMailable(Object(App\\Mail\\SendQueued))
#10 /home/htmlbask/public_html/dashboard/application/vendor/laravel/framework/src/Illuminate/Mail/PendingMail.php(124): Illuminate\\Mail\\Mailer->send(Object(App\\Mail\\SendQueued))
#11 /home/htmlbask/public_html/dashboard/application/app/Cronjobs/EmailCron.php(54): Illuminate\\Mail\\PendingMail->send(Object(App\\Mail\\SendQueued))
#12 /home/htmlbask/public_html/dashboard/application/vendor/laravel/framework/src/Illuminate/Container/BoundMethod.php(36): App\\Cronjobs\\EmailCron->__invoke()
#13 /home/htmlbask/public_html/dashboard/application/vendor/laravel/framework/src/Illuminate/Container/Util.php(40): Illuminate\\Container\\BoundMethod::Illuminate\\Container\\{closure}()
#14 /home/htmlbask/public_html/dashboard/application/vendor/laravel/framework/src/Illuminate/Container/BoundMethod.php(93): Illuminate\\Container\\Util::unwrapIfClosure(Object(Closure))
#15 /home/htmlbask/public_html/dashboard/application/vendor/laravel/framework/src/Illuminate/Container/BoundMethod.php(37): Illuminate\\Container\\BoundMethod::callBoundMethod(Object(Illuminate\\Foundation\\Application), Array, Object(Closure))
#16 /home/htmlbask/public_html/dashboard/application/vendor/laravel/framework/src/Illuminate/Container/Container.php(653): Illuminate\\Container\\BoundMethod::call(Object(Illuminate\\Foundation\\Application), Array, Array, NULL)
#17 /home/htmlbask/public_html/dashboard/application/vendor/laravel/framework/src/Illuminate/Console/Scheduling/CallbackEvent.php(79): Illuminate\\Container\\Container->call(Array, Array)
#18 /home/htmlbask/public_html/dashboard/application/vendor/laravel/framework/src/Illuminate/Console/Scheduling/ScheduleRunCommand.php(143): Illuminate\\Console\\Scheduling\\CallbackEvent->run(Object(Illuminate\\Foundation\\Application))
#19 /home/htmlbask/public_html/dashboard/application/vendor/laravel/framework/src/Illuminate/Console/Scheduling/ScheduleRunCommand.php(102): Illuminate\\Console\\Scheduling\\ScheduleRunCommand->runEvent(Object(Illuminate\\Console\\Scheduling\\CallbackEvent))
#20 /home/htmlbask/public_html/dashboard/application/vendor/laravel/framework/src/Illuminate/Container/BoundMethod.php(36): Illuminate\\Console\\Scheduling\\ScheduleRunCommand->handle(Object(Illuminate\\Console\\Scheduling\\Schedule), Object(Illuminate\\Events\\Dispatcher), Object(App\\Exceptions\\Handler))
#21 /home/htmlbask/public_html/dashboard/application/vendor/laravel/framework/src/Illuminate/Container/Util.php(40): Illuminate\\Container\\BoundMethod::Illuminate\\Container\\{closure}()
#22 /home/htmlbask/public_html/dashboard/application/vendor/laravel/framework/src/Illuminate/Container/BoundMethod.php(93): Illuminate\\Container\\Util::unwrapIfClosure(Object(Closure))
#23 /home/htmlbask/public_html/dashboard/application/vendor/laravel/framework/src/Illuminate/Container/BoundMethod.php(37): Illuminate\\Container\\BoundMethod::callBoundMethod(Object(Illuminate\\Foundation\\Application), Array, Object(Closure))
#24 /home/htmlbask/public_html/dashboard/application/vendor/laravel/framework/src/Illuminate/Container/Container.php(653): Illuminate\\Container\\BoundMethod::call(Object(Illuminate\\Foundation\\Application), Array, Array, NULL)
#25 /home/htmlbask/public_html/dashboard/application/vendor/laravel/framework/src/Illuminate/Console/Command.php(136): Illuminate\\Container\\Container->call(Array)
#26 /home/htmlbask/public_html/dashboard/application/vendor/symfony/console/Command/Command.php(298): Illuminate\\Console\\Command->execute(Object(Symfony\\Component\\Console\\Input\\ArgvInput), Object(Illuminate\\Console\\OutputStyle))
#27 /home/htmlbask/public_html/dashboard/application/vendor/laravel/framework/src/Illuminate/Console/Command.php(121): Symfony\\Component\\Console\\Command\\Command->run(Object(Symfony\\Component\\Console\\Input\\ArgvInput), Object(Illuminate\\Console\\OutputStyle))
#28 /home/htmlbask/public_html/dashboard/application/vendor/symfony/console/Application.php(1015): Illuminate\\Console\\Command->run(Object(Symfony\\Component\\Console\\Input\\ArgvInput), Object(Symfony\\Component\\Console\\Output\\ConsoleOutput))
#29 /home/htmlbask/public_html/dashboard/application/vendor/symfony/console/Application.php(299): Symfony\\Component\\Console\\Application->doRunCommand(Object(Illuminate\\Console\\Scheduling\\ScheduleRunCommand), Object(Symfony\\Component\\Console\\Input\\ArgvInput), Object(Symfony\\Component\\Console\\Output\\ConsoleOutput))
#30 /home/htmlbask/public_html/dashboard/application/vendor/symfony/console/Application.php(171): Symfony\\Component\\Console\\Application->doRun(Object(Symfony\\Component\\Console\\Input\\ArgvInput), Object(Symfony\\Component\\Console\\Output\\ConsoleOutput))
#31 /home/htmlbask/public_html/dashboard/application/vendor/laravel/framework/src/Illuminate/Console/Application.php(94): Symfony\\Component\\Console\\Application->run(Object(Symfony\\Component\\Console\\Input\\ArgvInput), Object(Symfony\\Component\\Console\\Output\\ConsoleOutput))
#32 /home/htmlbask/public_html/dashboard/application/vendor/laravel/framework/src/Illuminate/Foundation/Console/Kernel.php(129): Illuminate\\Console\\Application->run(Object(Symfony\\Component\\Console\\Input\\ArgvInput), Object(Symfony\\Component\\Console\\Output\\ConsoleOutput))
#33 /home/htmlbask/public_html/dashboard/application/artisan(37): Illuminate\\Foundation\\Console\\Kernel->handle(Object(Symfony\\Component\\Console\\Input\\ArgvInput), Object(Symfony\\Component\\Console\\Output\\ConsoleOutput))
#34 {main}
"} 
[2022-08-09 11:17:01] production.ERROR: escapeshellarg() has been disabled for security reasons {"exception":"[object] (ErrorException(code: 0): escapeshellarg() has been disabled for security reasons at /home/htmlbask/public_html/dashboard/application/vendor/swiftmailer/swiftmailer/lib/classes/Swift/Transport/SendmailTransport.php:114)
[stacktrace]
#0 [internal function]: Illuminate\\Foundation\\Bootstrap\\HandleExceptions->handleError(2, 'escapeshellarg(...', '/home/htmlbask/...', 114, Array)
#1 /home/htmlbask/public_html/dashboard/application/vendor/swiftmailer/swiftmailer/lib/classes/Swift/Transport/SendmailTransport.php(114): escapeshellarg('info@example.co...')
#2 /home/htmlbask/public_html/dashboard/application/vendor/swiftmailer/swiftmailer/lib/classes/Swift/Mailer.php(71): Swift_Transport_SendmailTransport->send(Object(Swift_Message), Array)
#3 /home/htmlbask/public_html/dashboard/application/vendor/laravel/framework/src/Illuminate/Mail/Mailer.php(521): Swift_Mailer->send(Object(Swift_Message), Array)
#4 /home/htmlbask/public_html/dashboard/application/vendor/laravel/framework/src/Illuminate/Mail/Mailer.php(288): Illuminate\\Mail\\Mailer->sendSwiftMessage(Object(Swift_Message))
#5 /home/htmlbask/public_html/dashboard/application/vendor/laravel/framework/src/Illuminate/Mail/Mailable.php(187): Illuminate\\Mail\\Mailer->send('pages.emails.te...', Array, Object(Closure))
#6 /home/htmlbask/public_html/dashboard/application/vendor/laravel/framework/src/Illuminate/Support/Traits/Localizable.php(19): Illuminate\\Mail\\Mailable->Illuminate\\Mail\\{closure}()
#7 /home/htmlbask/public_html/dashboard/application/vendor/laravel/framework/src/Illuminate/Mail/Mailable.php(188): Illuminate\\Mail\\Mailable->withLocale(NULL, Object(Closure))
#8 /home/htmlbask/public_html/dashboard/application/vendor/laravel/framework/src/Illuminate/Mail/Mailer.php(304): Illuminate\\Mail\\Mailable->send(Object(Illuminate\\Mail\\Mailer))
#9 /home/htmlbask/public_html/dashboard/application/vendor/laravel/framework/src/Illuminate/Mail/Mailer.php(258): Illuminate\\Mail\\Mailer->sendMailable(Object(App\\Mail\\SendQueued))
#10 /home/htmlbask/public_html/dashboard/application/vendor/laravel/framework/src/Illuminate/Mail/PendingMail.php(124): Illuminate\\Mail\\Mailer->send(Object(App\\Mail\\SendQueued))
#11 /home/htmlbask/public_html/dashboard/application/app/Cronjobs/EmailCron.php(54): Illuminate\\Mail\\PendingMail->send(Object(App\\Mail\\SendQueued))
#12 /home/htmlbask/public_html/dashboard/application/vendor/laravel/framework/src/Illuminate/Container/BoundMethod.php(36): App\\Cronjobs\\EmailCron->__invoke()
#13 /home/htmlbask/public_html/dashboard/application/vendor/laravel/framework/src/Illuminate/Container/Util.php(40): Illuminate\\Container\\BoundMethod::Illuminate\\Container\\{closure}()
#14 /home/htmlbask/public_html/dashboard/application/vendor/laravel/framework/src/Illuminate/Container/BoundMethod.php(93): Illuminate\\Container\\Util::unwrapIfClosure(Object(Closure))
#15 /home/htmlbask/public_html/dashboard/application/vendor/laravel/framework/src/Illuminate/Container/BoundMethod.php(37): Illuminate\\Container\\BoundMethod::callBoundMethod(Object(Illuminate\\Foundation\\Application), Array, Object(Closure))
#16 /home/htmlbask/public_html/dashboard/application/vendor/laravel/framework/src/Illuminate/Container/Container.php(653): Illuminate\\Container\\BoundMethod::call(Object(Illuminate\\Foundation\\Application), Array, Array, NULL)
#17 /home/htmlbask/public_html/dashboard/application/vendor/laravel/framework/src/Illuminate/Console/Scheduling/CallbackEvent.php(79): Illuminate\\Container\\Container->call(Array, Array)
#18 /home/htmlbask/public_html/dashboard/application/vendor/laravel/framework/src/Illuminate/Console/Scheduling/ScheduleRunCommand.php(143): Illuminate\\Console\\Scheduling\\CallbackEvent->run(Object(Illuminate\\Foundation\\Application))
#19 /home/htmlbask/public_html/dashboard/application/vendor/laravel/framework/src/Illuminate/Console/Scheduling/ScheduleRunCommand.php(102): Illuminate\\Console\\Scheduling\\ScheduleRunCommand->runEvent(Object(Illuminate\\Console\\Scheduling\\CallbackEvent))
#20 /home/htmlbask/public_html/dashboard/application/vendor/laravel/framework/src/Illuminate/Container/BoundMethod.php(36): Illuminate\\Console\\Scheduling\\ScheduleRunCommand->handle(Object(Illuminate\\Console\\Scheduling\\Schedule), Object(Illuminate\\Events\\Dispatcher), Object(App\\Exceptions\\Handler))
#21 /home/htmlbask/public_html/dashboard/application/vendor/laravel/framework/src/Illuminate/Container/Util.php(40): Illuminate\\Container\\BoundMethod::Illuminate\\Container\\{closure}()
#22 /home/htmlbask/public_html/dashboard/application/vendor/laravel/framework/src/Illuminate/Container/BoundMethod.php(93): Illuminate\\Container\\Util::unwrapIfClosure(Object(Closure))
#23 /home/htmlbask/public_html/dashboard/application/vendor/laravel/framework/src/Illuminate/Container/BoundMethod.php(37): Illuminate\\Container\\BoundMethod::callBoundMethod(Object(Illuminate\\Foundation\\Application), Array, Object(Closure))
#24 /home/htmlbask/public_html/dashboard/application/vendor/laravel/framework/src/Illuminate/Container/Container.php(653): Illuminate\\Container\\BoundMethod::call(Object(Illuminate\\Foundation\\Application), Array, Array, NULL)
#25 /home/htmlbask/public_html/dashboard/application/vendor/laravel/framework/src/Illuminate/Console/Command.php(136): Illuminate\\Container\\Container->call(Array)
#26 /home/htmlbask/public_html/dashboard/application/vendor/symfony/console/Command/Command.php(298): Illuminate\\Console\\Command->execute(Object(Symfony\\Component\\Console\\Input\\ArgvInput), Object(Illuminate\\Console\\OutputStyle))
#27 /home/htmlbask/public_html/dashboard/application/vendor/laravel/framework/src/Illuminate/Console/Command.php(121): Symfony\\Component\\Console\\Command\\Command->run(Object(Symfony\\Component\\Console\\Input\\ArgvInput), Object(Illuminate\\Console\\OutputStyle))
#28 /home/htmlbask/public_html/dashboard/application/vendor/symfony/console/Application.php(1015): Illuminate\\Console\\Command->run(Object(Symfony\\Component\\Console\\Input\\ArgvInput), Object(Symfony\\Component\\Console\\Output\\ConsoleOutput))
#29 /home/htmlbask/public_html/dashboard/application/vendor/symfony/console/Application.php(299): Symfony\\Component\\Console\\Application->doRunCommand(Object(Illuminate\\Console\\Scheduling\\ScheduleRunCommand), Object(Symfony\\Component\\Console\\Input\\ArgvInput), Object(Symfony\\Component\\Console\\Output\\ConsoleOutput))
#30 /home/htmlbask/public_html/dashboard/application/vendor/symfony/console/Application.php(171): Symfony\\Component\\Console\\Application->doRun(Object(Symfony\\Component\\Console\\Input\\ArgvInput), Object(Symfony\\Component\\Console\\Output\\ConsoleOutput))
#31 /home/htmlbask/public_html/dashboard/application/vendor/laravel/framework/src/Illuminate/Console/Application.php(94): Symfony\\Component\\Console\\Application->run(Object(Symfony\\Component\\Console\\Input\\ArgvInput), Object(Symfony\\Component\\Console\\Output\\ConsoleOutput))
#32 /home/htmlbask/public_html/dashboard/application/vendor/laravel/framework/src/Illuminate/Foundation/Console/Kernel.php(129): Illuminate\\Console\\Application->run(Object(Symfony\\Component\\Console\\Input\\ArgvInput), Object(Symfony\\Component\\Console\\Output\\ConsoleOutput))
#33 /home/htmlbask/public_html/dashboard/application/artisan(37): Illuminate\\Foundation\\Console\\Kernel->handle(Object(Symfony\\Component\\Console\\Input\\ArgvInput), Object(Symfony\\Component\\Console\\Output\\ConsoleOutput))
#34 {main}
"} 
[2022-08-09 11:28:31] production.ERROR: Connection to tcp://bod1.bodhosting.com:465 Timed Out {"exception":"[object] (Swift_TransportException(code: 0): Connection to tcp://bod1.bodhosting.com:465 Timed Out at /home/htmlbask/public_html/dashboard/application/vendor/swiftmailer/swiftmailer/lib/classes/Swift/Transport/AbstractSmtpTransport.php:475)
[stacktrace]
#0 /home/htmlbask/public_html/dashboard/application/vendor/swiftmailer/swiftmailer/lib/classes/Swift/Transport/AbstractSmtpTransport.php(360): Swift_Transport_AbstractSmtpTransport->getFullResponse(0)
#1 /home/htmlbask/public_html/dashboard/application/vendor/swiftmailer/swiftmailer/lib/classes/Swift/Transport/AbstractSmtpTransport.php(147): Swift_Transport_AbstractSmtpTransport->readGreeting()
#2 /home/htmlbask/public_html/dashboard/application/vendor/swiftmailer/swiftmailer/lib/classes/Swift/Mailer.php(65): Swift_Transport_AbstractSmtpTransport->start()
#3 /home/htmlbask/public_html/dashboard/application/vendor/laravel/framework/src/Illuminate/Mail/Mailer.php(521): Swift_Mailer->send(Object(Swift_Message), Array)
#4 /home/htmlbask/public_html/dashboard/application/vendor/laravel/framework/src/Illuminate/Mail/Mailer.php(288): Illuminate\\Mail\\Mailer->sendSwiftMessage(Object(Swift_Message))
#5 /home/htmlbask/public_html/dashboard/application/vendor/laravel/framework/src/Illuminate/Mail/Mailable.php(187): Illuminate\\Mail\\Mailer->send('pages.emails.te...', Array, Object(Closure))
#6 /home/htmlbask/public_html/dashboard/application/vendor/laravel/framework/src/Illuminate/Support/Traits/Localizable.php(19): Illuminate\\Mail\\Mailable->Illuminate\\Mail\\{closure}()
#7 /home/htmlbask/public_html/dashboard/application/vendor/laravel/framework/src/Illuminate/Mail/Mailable.php(188): Illuminate\\Mail\\Mailable->withLocale(NULL, Object(Closure))
#8 /home/htmlbask/public_html/dashboard/application/vendor/laravel/framework/src/Illuminate/Mail/Mailer.php(304): Illuminate\\Mail\\Mailable->send(Object(Illuminate\\Mail\\Mailer))
#9 /home/htmlbask/public_html/dashboard/application/vendor/laravel/framework/src/Illuminate/Mail/Mailer.php(258): Illuminate\\Mail\\Mailer->sendMailable(Object(App\\Mail\\SendQueued))
#10 /home/htmlbask/public_html/dashboard/application/vendor/laravel/framework/src/Illuminate/Mail/PendingMail.php(124): Illuminate\\Mail\\Mailer->send(Object(App\\Mail\\SendQueued))
#11 /home/htmlbask/public_html/dashboard/application/app/Cronjobs/EmailCron.php(54): Illuminate\\Mail\\PendingMail->send(Object(App\\Mail\\SendQueued))
#12 /home/htmlbask/public_html/dashboard/application/vendor/laravel/framework/src/Illuminate/Container/BoundMethod.php(36): App\\Cronjobs\\EmailCron->__invoke()
#13 /home/htmlbask/public_html/dashboard/application/vendor/laravel/framework/src/Illuminate/Container/Util.php(40): Illuminate\\Container\\BoundMethod::Illuminate\\Container\\{closure}()
#14 /home/htmlbask/public_html/dashboard/application/vendor/laravel/framework/src/Illuminate/Container/BoundMethod.php(93): Illuminate\\Container\\Util::unwrapIfClosure(Object(Closure))
#15 /home/htmlbask/public_html/dashboard/application/vendor/laravel/framework/src/Illuminate/Container/BoundMethod.php(37): Illuminate\\Container\\BoundMethod::callBoundMethod(Object(Illuminate\\Foundation\\Application), Array, Object(Closure))
#16 /home/htmlbask/public_html/dashboard/application/vendor/laravel/framework/src/Illuminate/Container/Container.php(653): Illuminate\\Container\\BoundMethod::call(Object(Illuminate\\Foundation\\Application), Array, Array, NULL)
#17 /home/htmlbask/public_html/dashboard/application/vendor/laravel/framework/src/Illuminate/Console/Scheduling/CallbackEvent.php(79): Illuminate\\Container\\Container->call(Array, Array)
#18 /home/htmlbask/public_html/dashboard/application/vendor/laravel/framework/src/Illuminate/Console/Scheduling/ScheduleRunCommand.php(143): Illuminate\\Console\\Scheduling\\CallbackEvent->run(Object(Illuminate\\Foundation\\Application))
#19 /home/htmlbask/public_html/dashboard/application/vendor/laravel/framework/src/Illuminate/Console/Scheduling/ScheduleRunCommand.php(102): Illuminate\\Console\\Scheduling\\ScheduleRunCommand->runEvent(Object(Illuminate\\Console\\Scheduling\\CallbackEvent))
#20 /home/htmlbask/public_html/dashboard/application/vendor/laravel/framework/src/Illuminate/Container/BoundMethod.php(36): Illuminate\\Console\\Scheduling\\ScheduleRunCommand->handle(Object(Illuminate\\Console\\Scheduling\\Schedule), Object(Illuminate\\Events\\Dispatcher), Object(App\\Exceptions\\Handler))
#21 /home/htmlbask/public_html/dashboard/application/vendor/laravel/framework/src/Illuminate/Container/Util.php(40): Illuminate\\Container\\BoundMethod::Illuminate\\Container\\{closure}()
#22 /home/htmlbask/public_html/dashboard/application/vendor/laravel/framework/src/Illuminate/Container/BoundMethod.php(93): Illuminate\\Container\\Util::unwrapIfClosure(Object(Closure))
#23 /home/htmlbask/public_html/dashboard/application/vendor/laravel/framework/src/Illuminate/Container/BoundMethod.php(37): Illuminate\\Container\\BoundMethod::callBoundMethod(Object(Illuminate\\Foundation\\Application), Array, Object(Closure))
#24 /home/htmlbask/public_html/dashboard/application/vendor/laravel/framework/src/Illuminate/Container/Container.php(653): Illuminate\\Container\\BoundMethod::call(Object(Illuminate\\Foundation\\Application), Array, Array, NULL)
#25 /home/htmlbask/public_html/dashboard/application/vendor/laravel/framework/src/Illuminate/Console/Command.php(136): Illuminate\\Container\\Container->call(Array)
#26 /home/htmlbask/public_html/dashboard/application/vendor/symfony/console/Command/Command.php(298): Illuminate\\Console\\Command->execute(Object(Symfony\\Component\\Console\\Input\\ArgvInput), Object(Illuminate\\Console\\OutputStyle))
#27 /home/htmlbask/public_html/dashboard/application/vendor/laravel/framework/src/Illuminate/Console/Command.php(121): Symfony\\Component\\Console\\Command\\Command->run(Object(Symfony\\Component\\Console\\Input\\ArgvInput), Object(Illuminate\\Console\\OutputStyle))
#28 /home/htmlbask/public_html/dashboard/application/vendor/symfony/console/Application.php(1015): Illuminate\\Console\\Command->run(Object(Symfony\\Component\\Console\\Input\\ArgvInput), Object(Symfony\\Component\\Console\\Output\\ConsoleOutput))
#29 /home/htmlbask/public_html/dashboard/application/vendor/symfony/console/Application.php(299): Symfony\\Component\\Console\\Application->doRunCommand(Object(Illuminate\\Console\\Scheduling\\ScheduleRunCommand), Object(Symfony\\Component\\Console\\Input\\ArgvInput), Object(Symfony\\Component\\Console\\Output\\ConsoleOutput))
#30 /home/htmlbask/public_html/dashboard/application/vendor/symfony/console/Application.php(171): Symfony\\Component\\Console\\Application->doRun(Object(Symfony\\Component\\Console\\Input\\ArgvInput), Object(Symfony\\Component\\Console\\Output\\ConsoleOutput))
#31 /home/htmlbask/public_html/dashboard/application/vendor/laravel/framework/src/Illuminate/Console/Application.php(94): Symfony\\Component\\Console\\Application->run(Object(Symfony\\Component\\Console\\Input\\ArgvInput), Object(Symfony\\Component\\Console\\Output\\ConsoleOutput))
#32 /home/htmlbask/public_html/dashboard/application/vendor/laravel/framework/src/Illuminate/Foundation/Console/Kernel.php(129): Illuminate\\Console\\Application->run(Object(Symfony\\Component\\Console\\Input\\ArgvInput), Object(Symfony\\Component\\Console\\Output\\ConsoleOutput))
#33 /home/htmlbask/public_html/dashboard/application/artisan(37): Illuminate\\Foundation\\Console\\Kernel->handle(Object(Symfony\\Component\\Console\\Input\\ArgvInput), Object(Symfony\\Component\\Console\\Output\\ConsoleOutput))
#34 {main}

[previous exception] [object] (Swift_IoException(code: 0): Connection to tcp://bod1.bodhosting.com:465 Timed Out at /home/htmlbask/public_html/dashboard/application/vendor/swiftmailer/swiftmailer/lib/classes/Swift/Transport/StreamBuffer.php:166)
[stacktrace]
#0 /home/htmlbask/public_html/dashboard/application/vendor/swiftmailer/swiftmailer/lib/classes/Swift/Transport/AbstractSmtpTransport.php(469): Swift_Transport_StreamBuffer->readLine(0)
#1 /home/htmlbask/public_html/dashboard/application/vendor/swiftmailer/swiftmailer/lib/classes/Swift/Transport/AbstractSmtpTransport.php(360): Swift_Transport_AbstractSmtpTransport->getFullResponse(0)
#2 /home/htmlbask/public_html/dashboard/application/vendor/swiftmailer/swiftmailer/lib/classes/Swift/Transport/AbstractSmtpTransport.php(147): Swift_Transport_AbstractSmtpTransport->readGreeting()
#3 /home/htmlbask/public_html/dashboard/application/vendor/swiftmailer/swiftmailer/lib/classes/Swift/Mailer.php(65): Swift_Transport_AbstractSmtpTransport->start()
#4 /home/htmlbask/public_html/dashboard/application/vendor/laravel/framework/src/Illuminate/Mail/Mailer.php(521): Swift_Mailer->send(Object(Swift_Message), Array)
#5 /home/htmlbask/public_html/dashboard/application/vendor/laravel/framework/src/Illuminate/Mail/Mailer.php(288): Illuminate\\Mail\\Mailer->sendSwiftMessage(Object(Swift_Message))
#6 /home/htmlbask/public_html/dashboard/application/vendor/laravel/framework/src/Illuminate/Mail/Mailable.php(187): Illuminate\\Mail\\Mailer->send('pages.emails.te...', Array, Object(Closure))
#7 /home/htmlbask/public_html/dashboard/application/vendor/laravel/framework/src/Illuminate/Support/Traits/Localizable.php(19): Illuminate\\Mail\\Mailable->Illuminate\\Mail\\{closure}()
#8 /home/htmlbask/public_html/dashboard/application/vendor/laravel/framework/src/Illuminate/Mail/Mailable.php(188): Illuminate\\Mail\\Mailable->withLocale(NULL, Object(Closure))
#9 /home/htmlbask/public_html/dashboard/application/vendor/laravel/framework/src/Illuminate/Mail/Mailer.php(304): Illuminate\\Mail\\Mailable->send(Object(Illuminate\\Mail\\Mailer))
#10 /home/htmlbask/public_html/dashboard/application/vendor/laravel/framework/src/Illuminate/Mail/Mailer.php(258): Illuminate\\Mail\\Mailer->sendMailable(Object(App\\Mail\\SendQueued))
#11 /home/htmlbask/public_html/dashboard/application/vendor/laravel/framework/src/Illuminate/Mail/PendingMail.php(124): Illuminate\\Mail\\Mailer->send(Object(App\\Mail\\SendQueued))
#12 /home/htmlbask/public_html/dashboard/application/app/Cronjobs/EmailCron.php(54): Illuminate\\Mail\\PendingMail->send(Object(App\\Mail\\SendQueued))
#13 /home/htmlbask/public_html/dashboard/application/vendor/laravel/framework/src/Illuminate/Container/BoundMethod.php(36): App\\Cronjobs\\EmailCron->__invoke()
#14 /home/htmlbask/public_html/dashboard/application/vendor/laravel/framework/src/Illuminate/Container/Util.php(40): Illuminate\\Container\\BoundMethod::Illuminate\\Container\\{closure}()
#15 /home/htmlbask/public_html/dashboard/application/vendor/laravel/framework/src/Illuminate/Container/BoundMethod.php(93): Illuminate\\Container\\Util::unwrapIfClosure(Object(Closure))
#16 /home/htmlbask/public_html/dashboard/application/vendor/laravel/framework/src/Illuminate/Container/BoundMethod.php(37): Illuminate\\Container\\BoundMethod::callBoundMethod(Object(Illuminate\\Foundation\\Application), Array, Object(Closure))
#17 /home/htmlbask/public_html/dashboard/application/vendor/laravel/framework/src/Illuminate/Container/Container.php(653): Illuminate\\Container\\BoundMethod::call(Object(Illuminate\\Foundation\\Application), Array, Array, NULL)
#18 /home/htmlbask/public_html/dashboard/application/vendor/laravel/framework/src/Illuminate/Console/Scheduling/CallbackEvent.php(79): Illuminate\\Container\\Container->call(Array, Array)
#19 /home/htmlbask/public_html/dashboard/application/vendor/laravel/framework/src/Illuminate/Console/Scheduling/ScheduleRunCommand.php(143): Illuminate\\Console\\Scheduling\\CallbackEvent->run(Object(Illuminate\\Foundation\\Application))
#20 /home/htmlbask/public_html/dashboard/application/vendor/laravel/framework/src/Illuminate/Console/Scheduling/ScheduleRunCommand.php(102): Illuminate\\Console\\Scheduling\\ScheduleRunCommand->runEvent(Object(Illuminate\\Console\\Scheduling\\CallbackEvent))
#21 /home/htmlbask/public_html/dashboard/application/vendor/laravel/framework/src/Illuminate/Container/BoundMethod.php(36): Illuminate\\Console\\Scheduling\\ScheduleRunCommand->handle(Object(Illuminate\\Console\\Scheduling\\Schedule), Object(Illuminate\\Events\\Dispatcher), Object(App\\Exceptions\\Handler))
#22 /home/htmlbask/public_html/dashboard/application/vendor/laravel/framework/src/Illuminate/Container/Util.php(40): Illuminate\\Container\\BoundMethod::Illuminate\\Container\\{closure}()
#23 /home/htmlbask/public_html/dashboard/application/vendor/laravel/framework/src/Illuminate/Container/BoundMethod.php(93): Illuminate\\Container\\Util::unwrapIfClosure(Object(Closure))
#24 /home/htmlbask/public_html/dashboard/application/vendor/laravel/framework/src/Illuminate/Container/BoundMethod.php(37): Illuminate\\Container\\BoundMethod::callBoundMethod(Object(Illuminate\\Foundation\\Application), Array, Object(Closure))
#25 /home/htmlbask/public_html/dashboard/application/vendor/laravel/framework/src/Illuminate/Container/Container.php(653): Illuminate\\Container\\BoundMethod::call(Object(Illuminate\\Foundation\\Application), Array, Array, NULL)
#26 /home/htmlbask/public_html/dashboard/application/vendor/laravel/framework/src/Illuminate/Console/Command.php(136): Illuminate\\Container\\Container->call(Array)
#27 /home/htmlbask/public_html/dashboard/application/vendor/symfony/console/Command/Command.php(298): Illuminate\\Console\\Command->execute(Object(Symfony\\Component\\Console\\Input\\ArgvInput), Object(Illuminate\\Console\\OutputStyle))
#28 /home/htmlbask/public_html/dashboard/application/vendor/laravel/framework/src/Illuminate/Console/Command.php(121): Symfony\\Component\\Console\\Command\\Command->run(Object(Symfony\\Component\\Console\\Input\\ArgvInput), Object(Illuminate\\Console\\OutputStyle))
#29 /home/htmlbask/public_html/dashboard/application/vendor/symfony/console/Application.php(1015): Illuminate\\Console\\Command->run(Object(Symfony\\Component\\Console\\Input\\ArgvInput), Object(Symfony\\Component\\Console\\Output\\ConsoleOutput))
#30 /home/htmlbask/public_html/dashboard/application/vendor/symfony/console/Application.php(299): Symfony\\Component\\Console\\Application->doRunCommand(Object(Illuminate\\Console\\Scheduling\\ScheduleRunCommand), Object(Symfony\\Component\\Console\\Input\\ArgvInput), Object(Symfony\\Component\\Console\\Output\\ConsoleOutput))
#31 /home/htmlbask/public_html/dashboard/application/vendor/symfony/console/Application.php(171): Symfony\\Component\\Console\\Application->doRun(Object(Symfony\\Component\\Console\\Input\\ArgvInput), Object(Symfony\\Component\\Console\\Output\\ConsoleOutput))
#32 /home/htmlbask/public_html/dashboard/application/vendor/laravel/framework/src/Illuminate/Console/Application.php(94): Symfony\\Component\\Console\\Application->run(Object(Symfony\\Component\\Console\\Input\\ArgvInput), Object(Symfony\\Component\\Console\\Output\\ConsoleOutput))
#33 /home/htmlbask/public_html/dashboard/application/vendor/laravel/framework/src/Illuminate/Foundation/Console/Kernel.php(129): Illuminate\\Console\\Application->run(Object(Symfony\\Component\\Console\\Input\\ArgvInput), Object(Symfony\\Component\\Console\\Output\\ConsoleOutput))
#34 /home/htmlbask/public_html/dashboard/application/artisan(37): Illuminate\\Foundation\\Console\\Kernel->handle(Object(Symfony\\Component\\Console\\Input\\ArgvInput), Object(Symfony\\Component\\Console\\Output\\ConsoleOutput))
#35 {main}
"} 
